0 info it worked if it ends with ok
1 verbose cli [ 'C:\\Program Files\\nodejs\\\\node.exe',
1 verbose cli   'C:\\Program Files\\nodejs\\node_modules\\npm\\bin\\npm-cli.js',
1 verbose cli   'install',
1 verbose cli   'n' ]
2 info using npm@2.7.4
3 info using node@v0.12.2
4 verbose node symlink C:\Program Files\nodejs\\node.exe
5 verbose config Skipping project config: C:\Users\Jordan/.npmrc. (matches userconfig)
6 warn package.json Jordan@1.0.0 No description
7 warn package.json Jordan@1.0.0 No repository field.
8 warn package.json Jordan@1.0.0 No README data
9 silly cache add args [ 'n', null ]
10 verbose cache add spec n
11 silly cache add parsed spec { raw: 'n',
11 silly cache add   scope: null,
11 silly cache add   name: 'n',
11 silly cache add   rawSpec: '',
11 silly cache add   spec: '*',
11 silly cache add   type: 'range' }
12 verbose addNamed n@*
13 silly addNamed semver.valid null
14 silly addNamed semver.validRange *
15 silly addNameRange { name: 'n', range: '*', hasData: false }
16 silly mapToRegistry name n
17 silly mapToRegistry using default registry
18 silly mapToRegistry registry https://registry.npmjs.org/
19 silly mapToRegistry uri https://registry.npmjs.org/n
20 verbose addNameRange registry:https://registry.npmjs.org/n not in flight; fetching
21 verbose request uri https://registry.npmjs.org/n
22 verbose request no auth needed
23 info attempt registry request try #1 at 5:16:15 PM
24 verbose request id c0f2d5d154dd1b40
25 verbose etag W/"66838103edd15ec5468ac3e0d0ba0a41"
26 verbose lastModified Fri, 21 Jul 2023 15:33:46 GMT
27 http request GET https://registry.npmjs.org/n
28 http 304 https://registry.npmjs.org/n
29 silly get cb [ 304,
29 silly get   { date: 'Wed, 09 Aug 2023 23:16:16 GMT',
29 silly get     connection: 'keep-alive',
29 silly get     'cf-ray': '7f43b4b2f9681f25-DEN',
29 silly get     'cf-cache-status': 'HIT',
29 silly get     age: '242',
29 silly get     'cache-control': 'public, max-age=300',
29 silly get     etag: '"66838103edd15ec5468ac3e0d0ba0a41"',
29 silly get     'last-modified': 'Fri, 21 Jul 2023 15:33:46 GMT',
29 silly get     vary: 'Accept-Encoding',
29 silly get     'x-amz-replication-status': 'FAILED',
29 silly get     'x-amz-server-side-encryption': 'AES256',
29 silly get     server: 'cloudflare' } ]
30 verbose etag https://registry.npmjs.org/n from cache
31 verbose get saving n to C:\Users\Jordan\AppData\Roaming\npm-cache\registry.npmjs.org\n\.cache.json
32 silly addNameRange number 2 { name: 'n', range: '*', hasData: true }
33 silly addNameRange versions [ 'n',
33 silly addNameRange   [ '0.0.1',
33 silly addNameRange     '0.0.2',
33 silly addNameRange     '0.0.3',
33 silly addNameRange     '0.0.4',
33 silly addNameRange     '0.1.0',
33 silly addNameRange     '0.1.1',
33 silly addNameRange     '0.1.2',
33 silly addNameRange     '0.2.0',
33 silly addNameRange     '0.2.1',
33 silly addNameRange     '0.2.2',
33 silly addNameRange     '0.3.0',
33 silly addNameRange     '0.4.0',
33 silly addNameRange     '0.4.1',
33 silly addNameRange     '0.4.2',
33 silly addNameRange     '0.5.0',
33 silly addNameRange     '0.5.1',
33 silly addNameRange     '0.5.2',
33 silly addNameRange     '0.5.3',
33 silly addNameRange     '0.5.4',
33 silly addNameRange     '0.6.0',
33 silly addNameRange     '0.6.1',
33 silly addNameRange     '0.7.0',
33 silly addNameRange     '0.7.1',
33 silly addNameRange     '0.7.2',
33 silly addNameRange     '0.7.3',
33 silly addNameRange     '0.8.0',
33 silly addNameRange     '0.8.1',
33 silly addNameRange     '0.8.2',
33 silly addNameRange     '0.9.0',
33 silly addNameRange     '0.9.1',
33 silly addNameRange     '0.9.2',
33 silly addNameRange     '0.9.3',
33 silly addNameRange     '1.0.0',
33 silly addNameRange     '1.1.0',
33 silly addNameRange     '1.2.1',
33 silly addNameRange     '1.2.2',
33 silly addNameRange     '1.2.3',
33 silly addNameRange     '1.2.4',
33 silly addNameRange     '1.2.5',
33 silly addNameRange     '1.2.6',
33 silly addNameRange     '1.2.7',
33 silly addNameRange     '1.2.8',
33 silly addNameRange     '1.2.9',
33 silly addNameRange     '1.2.11',
33 silly addNameRange     '1.2.13',
33 silly addNameRange     '1.2.14',
33 silly addNameRange     '1.3.0',
33 silly addNameRange     '1.4.0',
33 silly addNameRange     '2.0.0',
33 silly addNameRange     '1.4.1',
33 silly addNameRange     '2.0.1',
33 silly addNameRange     '1.4.2',
33 silly addNameRange     '2.0.2',
33 silly addNameRange     '2.1.0',
33 silly addNameRange     '2.1.1',
33 silly addNameRange     '2.1.2',
33 silly addNameRange     '2.1.3',
33 silly addNameRange     '2.1.4',
33 silly addNameRange     '2.1.5',
33 silly addNameRange     '2.1.6',
33 silly addNameRange     '2.1.7',
33 silly addNameRange     '2.1.8',
33 silly addNameRange     '2.1.9',
33 silly addNameRange     '2.1.10',
33 silly addNameRange     '2.1.11',
33 silly addNameRange     '2.1.12',
33 silly addNameRange     '3.0.0',
33 silly addNameRange     '3.0.1',
33 silly addNameRange     '3.0.2',
33 silly addNameRange     '4.0.0',
33 silly addNameRange     '4.1.0',
33 silly addNameRange     '5.0.0-next.0',
33 silly addNameRange     '5.0.0',
33 silly addNameRange     '5.0.1',
33 silly addNameRange     '5.0.2',
33 silly addNameRange     '6.0.0-0',
33 silly addNameRange     '6.0.0-1',
33 silly addNameRange     '6.0.0',
33 silly addNameRange     '6.0.1',
33 silly addNameRange     '6.1.0',
33 silly addNameRange     '6.1.1',
33 silly addNameRange     '6.1.2',
33 silly addNameRange     '6.1.3',
33 silly addNameRange     '6.2.0',
33 silly addNameRange     '6.3.0',
33 silly addNameRange     '6.3.1',
33 silly addNameRange     '6.4.0',
33 silly addNameRange     '6.5.0',
33 silly addNameRange     '6.5.1',
33 silly addNameRange     '6.6.0',
33 silly addNameRange     '6.7.0',
33 silly addNameRange     '6.7.1',
33 silly addNameRange     '6.8.0',
33 silly addNameRange     '7.0.0',
33 silly addNameRange     '7.0.1',
33 silly addNameRange     '7.0.2',
33 silly addNameRange     '7.1.0',
33 silly addNameRange     '7.2.0',
33 silly addNameRange     '7.2.1',
33 silly addNameRange     '7.2.2',
33 silly addNameRange     '7.3.0',
33 silly addNameRange     '7.3.1',
33 silly addNameRange     '7.4.0',
33 silly addNameRange     '7.4.1',
33 silly addNameRange     '7.5.0',
33 silly addNameRange     '8.0.0',
33 silly addNameRange     '8.0.1',
33 silly addNameRange     '8.0.2',
33 silly addNameRange     '8.1.0',
33 silly addNameRange     '8.2.0',
33 silly addNameRange     '9.0.0',
33 silly addNameRange     '9.0.1',
33 silly addNameRange     '9.1.0' ] ]
34 verbose addNamed n@9.1.0
35 silly addNamed semver.valid 9.1.0
36 silly addNamed semver.validRange 9.1.0
37 silly cache afterAdd n@9.1.0
38 verbose afterAdd C:\Users\Jordan\AppData\Roaming\npm-cache\n\9.1.0\package\package.json not in flight; writing
39 verbose afterAdd C:\Users\Jordan\AppData\Roaming\npm-cache\n\9.1.0\package\package.json written
40 silly install resolved [ { name: 'n',
40 silly install resolved     description: 'Interactively Manage All Your Node Versions',
40 silly install resolved     version: '9.1.0',
40 silly install resolved     author: { name: 'TJ Holowaychuk', email: 'tj@vision-media.ca' },
40 silly install resolved     homepage: 'https://github.com/tj/n',
40 silly install resolved     bugs: { url: 'https://github.com/tj/n/issues' },
40 silly install resolved     contributors: [ [Object] ],
40 silly install resolved     keywords:
40 silly install resolved      [ 'nvm',
40 silly install resolved        'node',
40 silly install resolved        'version',
40 silly install resolved        'manager',
40 silly install resolved        'switcher',
40 silly install resolved        'node',
40 silly install resolved        'binary',
40 silly install resolved        'env' ],
40 silly install resolved     bin: { n: 'bin/n' },
40 silly install resolved     repository: { type: 'git', url: 'git://github.com/tj/n.git' },
40 silly install resolved     scripts: { test: 'test/bin/run-all-tests' },
40 silly install resolved     devDependencies:
40 silly install resolved      { bats: '^1.2.1',
40 silly install resolved        'bats-assert': 'github:bats-core/bats-assert',
40 silly install resolved        'bats-support': 'github:bats-core/bats-support' },
40 silly install resolved     preferGlobal: true,
40 silly install resolved     os: [ '!win32' ],
40 silly install resolved     engines: { node: '*' },
40 silly install resolved     license: 'MIT',
40 silly install resolved     gitHead: '02a8fe0c540576e0108b4e6f1797f2e71bc3dffc',
40 silly install resolved     _id: 'n@9.1.0',
40 silly install resolved     _nodeVersion: '16.20.0',
40 silly install resolved     _npmVersion: '8.19.4',
40 silly install resolved     dist:
40 silly install resolved      { integrity: 'sha512-fFezMcaE/xD1UXIeC1vKgxzCrAwOjlj4AaX3x7slEdxA/NTQhFKK2JK7iU1d897xf5dJyv8HDrDzk83PEkaZAA==',
40 silly install resolved        shasum: 'c60fd42281cdd44e41f84a137d526425d1dd5769',
40 silly install resolved        tarball: 'https://registry.npmjs.org/n/-/n-9.1.0.tgz',
40 silly install resolved        fileCount: 4,
40 silly install resolved        unpackedSize: 62733,
40 silly install resolved        signatures: [Object],
40 silly install resolved        'npm-signature': '-----BEGIN PGP SIGNATURE-----\r\nVersion: OpenPGP.js v4.10.10\r\nComment: https://openpgpjs.org\r\n\r\nwsFzBAEBCAAGBQJkOjuXACEJED1NWxICdlZqFiEECWMYAoorWMhJKdjhPU1b\r\nEgJ2VmrMIRAAnoDuZAV6U/ZWlQYc2e8c7Wi3kXn14uJOH2UnoQB/xqGrAYyc\r\nBV5OmTxq2EMsLEOgBsTWWxAHekMuTOKnjoaKpOpzQAZgG3XKujli2Oq3ey6v\r\nDg3bG3NhG/ODohDQVZZD4DUGrwBYnEd300csSrW9OWq03pjyrRDKDOWcZy1b\r\n5YqFNvWPEZD4xvhzMqPeFKcQ349QTi63H7j7VZswC4nzKDiQuACUo6NJVe1R\r\n0z916ww0nlkSB2rkKq2cALLCptp9biHAGK1r837sZfP0QXES7IQI4eRp8h6h\r\nXGm8X+HNuHwK+N8rV2j4AkTM6BfNVE98+i2rs6iIVMwJQ+YTHHR6IkwmKnnN\r\nVfzNwOyW1fuhGauXKozjGu3XdcNJb9dlMHFjf52mWFEVRQpc7nl7j5knOqSG\r\nyvw1tgKBFI6N5pK+54Rfmon7AARs4ZX6J7KyOzXoDRnDEl/teDdzpMujtLVL\r\nLehWbyy1DxikkoW3np9GbwGbPf6RCz9rG2jUA3va6M578GaakFViPL8Oq178\r\nWeDj/6T6Ps34/iD6SzkFmb+YsB5RgipM2neDw3wgukn3Aw24RH/aNj7tMIvX\r\nwDOBvL9VBv5l2ppZqZ7o1w4zpkSUzV3tiCayoSJcCTAjBXsd0lojIfiSwX12\r\nUz2MPTUeNHZcgtBcCQsdGb886XSDg6ECazc=\r\n=xkzf\r\n-----END PGP SIGNATURE-----\r\n' },
40 silly install resolved     _npmUser: { name: 'shadowspawn', email: 'npm_j@ruru.gen.nz' },
40 silly install resolved     directories: {},
40 silly install resolved     maintainers: [ [Object], [Object], [Object] ],
40 silly install resolved     _npmOperationalInternal:
40 silly install resolved      { host: 's3://npm-registry-packages',
40 silly install resolved        tmp: 'tmp/n_9.1.0_1681537943564_0.07881971621088524' },
40 silly install resolved     _hasShrinkwrap: false,
40 silly install resolved     _shasum: 'c60fd42281cdd44e41f84a137d526425d1dd5769',
40 silly install resolved     _resolved: 'https://registry.npmjs.org/n/-/n-9.1.0.tgz',
40 silly install resolved     _from: 'n@*',
40 silly install resolved     readme: 'ERROR: No README data found!' } ]
41 info install n@9.1.0 into C:\Users\Jordan
42 info installOne n@9.1.0
43 verbose installOne of n to C:\Users\Jordan not in flight; installing
44 verbose lock using C:\Users\Jordan\AppData\Roaming\npm-cache\_locks\n-cebf9fdc386dd8eb.lock for C:\Users\Jordan\node_modules\n
45 verbose unlock done using C:\Users\Jordan\AppData\Roaming\npm-cache\_locks\n-cebf9fdc386dd8eb.lock for C:\Users\Jordan\node_modules\n
46 verbose stack Error: Unsupported
46 verbose stack     at checkPlatform (C:\Users\Jordan\AppData\Roaming\nvm\v0.12.2\node_modules\npm\node_modules\npm-install-checks\index.js:47:14)
46 verbose stack     at Array.<anonymous> (C:\Users\Jordan\AppData\Roaming\nvm\v0.12.2\node_modules\npm\node_modules\slide\lib\bind-actor.js:15:8)
46 verbose stack     at LOOP (C:\Users\Jordan\AppData\Roaming\nvm\v0.12.2\node_modules\npm\node_modules\slide\lib\chain.js:15:14)
46 verbose stack     at C:\Users\Jordan\AppData\Roaming\nvm\v0.12.2\node_modules\npm\node_modules\slide\lib\chain.js:18:7
46 verbose stack     at checkEngine (C:\Users\Jordan\AppData\Roaming\nvm\v0.12.2\node_modules\npm\node_modules\npm-install-checks\index.js:26:10)
46 verbose stack     at Array.<anonymous> (C:\Users\Jordan\AppData\Roaming\nvm\v0.12.2\node_modules\npm\node_modules\slide\lib\bind-actor.js:15:8)
46 verbose stack     at LOOP (C:\Users\Jordan\AppData\Roaming\nvm\v0.12.2\node_modules\npm\node_modules\slide\lib\chain.js:15:14)
46 verbose stack     at chain (C:\Users\Jordan\AppData\Roaming\nvm\v0.12.2\node_modules\npm\node_modules\slide\lib\chain.js:20:5)
46 verbose stack     at C:\Users\Jordan\AppData\Roaming\nvm\v0.12.2\node_modules\npm\lib\install.js:1024:5
46 verbose stack     at C:\Users\Jordan\AppData\Roaming\nvm\v0.12.2\node_modules\npm\lib\utils\locker.js:40:9
47 verbose pkgid n@9.1.0
48 verbose cwd C:\Users\Jordan\Documents\JSDevTest
49 error Windows_NT 6.3.9600
50 error argv "C:\\Program Files\\nodejs\\\\node.exe" "C:\\Program Files\\nodejs\\node_modules\\npm\\bin\\npm-cli.js" "install" "n"
51 error node v0.12.2
52 error npm  v2.7.4
53 error code EBADPLATFORM
54 error notsup Unsupported
54 error notsup Not compatible with your operating system or architecture: n@9.1.0
54 error notsup Valid OS:    !win32
54 error notsup Valid Arch:  any
54 error notsup Actual OS:   win32
54 error notsup Actual Arch: ia32
55 verbose exit [ 1, true ]
